make.exe all --print-data-base --no-builtin-variables --no-builtin-rules --question
# GNU Make 3.81
# Copyright (C) 2006  Free Software Foundation, Inc.
# This is free software; see the source for copying conditions.
# There is NO warranty; not even for MERCHANTABILITY or FITNESS FOR A
# PARTICULAR PURPOSE.

# This program built for i386-pc-mingw32
 

# Make data base, printed on Thu Jan 06 16:55:16 2022

# Variables

# environment
VSCODE_GIT_ASKPASS_MAIN = c:\Users\vorte\AppData\Local\Programs\Microsoft VS Code\resources\app\extensions\git\dist\askpass-main.js
# automatic
<D = $(patsubst %/,%,$(dir $<))
# automatic
?F = $(notdir $?)
# environment
ELECTRON_NO_ATTACH_CONSOLE = 1
# makefile
MAKEFLAGS = Rrqp
# environment
VSCODE_LOG_NATIVE = false
# automatic
?D = $(patsubst %/,%,$(dir $?))
# automatic
@D = $(patsubst %/,%,$(dir $@))
# environment
HOMEDRIV 
E = C:
# automatic
@F = $(notdir $@)
# automatic
^D = $(patsubst %/,%,$(dir $^))
# makefile
CURDIR := c:/Users/vorte/tmp
# default
SHELL := C:/Program Files/Git/usr/bin/sh.exe
# environment
WINDIR = C:\Windows
# environment
VSCODE_NLS_CONFIG = {"locale":"en-us","availableLanguages":{},"_languagePackSupport":true}
# environment
ONEDRIVE = C:\Users\vorte\OneDrive
# environment
PATHEXT = .COM;.EXE;.BAT;.CMD;.VBS;.VBE;.JS;.JSE;.WSF;.WSH;.MSC;.PY;.PYW
# makefile (from `makefile', line 1)
MAKEFILE_LIST :=  makefile
# environment
FPS_BROWSER_USER_PROFILE_STRING = Default
# environment
TMP = C:\Users\vorte\AppData\Local\Temp
# environment
VSCODE_VERBOSE_LOGGING = true
# environment
PROGRAMW6432 = C:\Program Files
# makefile (from `makefile', line 5)
coreMult = 2
# environment
PROGRAMDATA = C:\ProgramData
# environment
VSCODE_IPC_HOOK_EXTHOST = \\.\pipe\vscode-ipc-96d5b2e3-b640-4da2-8644-1b353699cfdb-sock
# environment
VSCODE_CWD = C:\Users\vorte\tmp
# environment
PATH = C:\Program Files\Eclipse Adoptium\jdk-17.0.1.12-hotspot\bin;C:\Program Files\Python310\Scripts\;C:\Program Files\Python310\;C:\Program Files\Python39\Scripts\;C:\Program Files\Python39\;C:\Windows\system32;C:\Windows;C:\Windows\System32\Wbem;C:\Windows\System32\WindowsPowerShell\v1.0\;C:\Windows\System32\OpenSSH\;C:\Program Files\PuTTY\;C:\Program Files\Microsoft SQL Server\120\Tools\Binn\;C:\Program Files\Intel\WiFi\bin\;C:\Program Files\Common Files\Intel\WirelessCommon\;C:\Program Files\dotnet\;C:\Program Files\CMake\bin;C:\Program Files\Git\cmd;C:\Program Files\Git\mingw64\bin;C:\Program Files\Git\usr\bin;C:\Program Files (x86)\GnuWin32\bin;C:\Program Files\LLVM\bin;C:\Program Files (x86)\mingw-w64\i686-8.1.0-posix-dwarf-rt_v6-rev0\mingw32\bin;C:\Program Files\CMake\bin;;C:\Program Files\Git LFS;C:\Program Files\Inkscape\bin;C:\Program Files\nodejs\;C:\Users\vorte\AppData\Local\Microsoft\WindowsApps;;C:\Users\vorte\AppData\Local\Programs\Microsoft VS Code\bin;C:\Users\vorte\AppData\Roaming\npm
# environment
COMMONPROGRAMW6432 = C:\Program Files\Common 
 Files
# environment
GIT_LFS_PATH = C:\Program Files\Git LFS
# environment
PROCESSOR_ARCHITECTURE = x86
# environment
USERPROFILE = C:\Users\vorte
# environment
ALLUSERSPROFILE = C:\ProgramData
# environment
VSCODE_LOG_STACK = false
# environment
NUMBER_OF_PROCESSORS = 12
# environment
ELECTRON_RUN_AS_NODE = 1
# default
.FEATURES := target-specific order-only second-expansion else-if archives
# automatic
%F = $(notdir $%)
# makefile (from `makefile', line 8)
UNAME_S := MSYS_NT-10.0-19041
# environment
CHROME_CRASHPAD_PIPE_NAME = \\.\pipe\crashpad_11484_WNCYWDHOONPPSKZD
# environment
VSCODE_PIPE_LOGGING = true
# environment
COMPUTERNAME = WINTER-LAPTOP
# environment
PROGRAMFILES = C:\Program Files (x86)
# environment
DRIVERDATA = C:\Windows\System32\Drivers\DriverData
# environment
ORIGINAL_XDG_CURRENT_DESKTOP = undefined
# environment
LDRAWDIR = C:\Users\Public\Documents\LDraw
# environment
PUBLIC = C:\Users\Public
# environment
VSCODE_AMD_ENTRYPOINT = vs/workbench/services/extensions/node/extensionHostProces 
s
# makefile (from `makefile', line 7)
CORES := $$(( 12 * 2 ))
# environment
VSCODE_CLI = 1
# environment
VSCODE_CODE_CACHE_PATH = C:\Users\vorte\AppData\Roaming\Code\CachedData\899d46d82c4c95423fb7e10e68eba52050e30ba3
# environment
APPLICATION_INSIGHTS_NO_DIAGNOSTIC_CHANNEL = true
# environment
COMMONPROGRAMFILES = C:\Program Files (x86)\Common Files
# environment
LOGONSERVER = \\WINTER-LAPTOP
# environment
ONEDRIVECONSUMER = C:\Users\vorte\OneDrive
# environment
VSCODE_HANDLES_UNCAUGHT_ERRORS = true
# env 
ironment
USERDOMAIN = WINTER-LAPTOP
# environment
MAKELEVEL := 0
# environment
COLORTERM = truecolor
# default
MAKE = $(MAKE_COMMAND)
# default
MAKECMDGOALS := all
# environment
JAVA_HOME = C:\Program Files\Eclipse Adoptium\jdk-17.0.1.12-hotspot\
# environment
OMP_NUM_THREADS = 12
# default
MAKE_VERSION := 3.81
# makefile
.DEFAULT_GOAL := build
# environment
PROGRAMFILES(X86) = C:\Program Files (x86)
# automatic
%D = $(patsubst %/,%,$(dir $%))
# environment
LOCALAPPDATA = C:\Users\vorte\AppData\Local
# environment
PSMODULEPATH = C:\Program Files\WindowsPowerShell\Modules;C:\Windows\system32\WindowsPowerShell\v1.0\Modules
# default
MAKE_COMMAND := make.exe
# environment
PROCESSOR_ARCHITEW6432 = AMD64
# environment
VSCODE_GIT_ASKPASS_EXTRA_ARGS = --ms-enable-electron-run-as-node
# environment
TERM_PROGRAM = vscode
# default
.VARIABLES := 
# automatic
*F = $(notdir $*)
# environment
PROCESSOR_IDENTIFIER = Intel64 Family 6 Model 158 Stepping 10, GenuineIntel
# environment
OS = Windows_NT
# environment
VSCODE_IPC_ 
HOOK = \\.\pipe\271d0efd9e932734db4d42be4b1e3221-1.63.2-main-sock
# environment
VSCODE_GIT_ASKPASS_NODE = C:\Users\vorte\AppData\Local\Programs\Microsoft VS Code\Code.exe
# environment
HOMEPATH = \Users\vorte
# environment
COMMONPROGRAMFILES(X86) = C:\Program Files (x86)\Common Files
# environment
PROMPT = $P$G
# environment
MFLAGS = -Rrqp
# automatic
*D = $(patsubst %/,%,$(dir $*))
# environment
TERM_PROGRAM_VERSION = 1.63.2
# environment
SYSTEMROOT = C:\Windows
# automatic
+D = $(patsubst %/,%,$(dir $+))
 
# automatic
+F = $(notdir $+)
# environment
APPDATA = C:\Users\vorte\AppData\Roaming
# environment
USERNAME = vortetty
# environment
TEMP = C:\Users\vorte\AppData\Local\Temp
# environment
COMSPEC = C:\Windows\system32\cmd.exe
# environment
GIT_ASKPASS = c:\Users\vorte\AppData\Local\Programs\Microsoft VS Code\resources\app\extensions\git\dist\askpass.sh
# default
MAKEFILES := 
# automatic
<F = $(notdir $<)
# environment
LC_ALL = C
# automatic
^F = $(notdir $^)
# default
SUFFIXES := 
# environment
SYSTEMDRIVE 
 = C:
# environment
SESSIONNAME = Console
# environment
PROCESSOR_REVISION = 9e0a
# environment
VSCODE_GIT_IPC_HANDLE = \\.\pipe\vscode-git-dc7d3dc773-sock
# makefile (from `makefile', line 60)
KNOWN = build test clean genmake
# environment
LANG = C
# environment
PROCESSOR_LEVEL = 6
# environment
FPS_BROWSER_APP_PROFILE_STRING = Internet Explorer
# environment
VSCODE_PID = 11484
# environment
USERDOMAIN_ROAMINGPROFILE = WINTER-LAPTOP
# variable set hash-table stats:
# Load=107/1024=10%, Rehash=0, Collisions 
=12/136=9%

# Pattern-specific Variable Values

# No pattern-specific variable values.

# Directories

# C:\Windows\System32\WindowsPowerShell\v1.0\ (key C:/Windows/System32/WindowsPowerShell/v1.0/, mtime 1632154878): 29 files, no impossibilities.
# C:\Windows\System32\Wbem (key C:/Windows/System32/Wbem, mtime 1639758136): 169 files, no impossibilities.
# . (key c:/Users/vorte/tmp, mtime 1641516899): 18 files, no impossibilities.
# C:\Program Files\Git\mingw64\bin (key C:/Program Files/Git/mingw64/bin, mtim 
e 1632234528): 112 files, no impossibilities.
# C:\Program Files\dotnet\ (key C:/Program Files/dotnet/, mtime 1639676164): 9 files, no impossibilities.
# C:\Program Files\Eclipse Adoptium\jdk-17.0.1.12-hotspot\bin (key C:/Program Files/Eclipse Adoptium/jdk-17.0.1.12-hotspot/bin, mtime 1636755312): 122 files, no impossibilities.
# C:\Windows\System32\OpenSSH\: could not be stat'd.
# C:\Program Files\PuTTY\ (key C:/Program Files/PuTTY/, mtime 1631212044): 12 files, no impossibilities.
# C:\Program Files\Pytho 
n310\ (key C:/Program Files/Python310/, mtime 1637459656): 28 files, no impossibilities.
# C:\Windows (key C:/Windows, mtime 1641412401): 112 files, no impossibilities.
# C:\Program Files\Python310\Scripts\ (key C:/Program Files/Python310/Scripts/, mtime 1633457610): 5 files, no impossibilities.
# C:\Program Files\Git\usr\bin (key C:/Program Files/Git/usr/bin, mtime 1632234528): 313 files, no impossibilities so far.
# C:\Program Files\Intel\WiFi\bin\ (key C:/Program Files/Intel/WiFi/bin/, mtime 1631741829): 6 files, no impossibilities.
# C:\Program Files\Common Files\Intel\WirelessCommon\ (key C:/Program Files/Common Files/Intel/WirelessCommon/, mtime 1631548149): 7 files, no impossibilities.
# C:\Program Files\Microsoft SQL Server\120\Tools\Binn\ (key C:/Program Files/Microsoft SQL Server/120/Tools/Binn/, mtime 1631293395): 4 files, no impossibilities.
# C:\Program Files\Git\cmd (key C:/Program Files/Git/cmd, mtime 1632234528): 8 files, no impossibilities.
# C:\Windows\system32 (key C:/Windows/system32, mtime 1641503768): 3044 files, no impossibilities.
# C:\Program Files\CMake\bin (key C:/Program Files/CMake/bin, mtime 1632263976): 7 files, no impossibilities.
# C:\Program Files\Python39\ (key C:/Program Files/Python39/, mtime 1632154132): 18 files, no impossibilities.
# C:\Program Files\Python39\Scripts\ (key C:/Program Files/Python39/Scripts/, mtime 1632154132): 5 files, no impossibilities.

# 4028 files, no impossibilities in 20 directories.

# Implicit Rules

# No implicit rules.

# Files

# Not a target:
all:
#  Command-line target.
#  Implicit rule search has been done.
#  File does not exist.
#  File has not been updated.
# variable set hash-table stats:
# Load=0/32=0%, Rehash=0, Collisions=0/0=0%

# Not a target:
.DEFAULT:
#  Implicit rule search has not been done.
#  Modification time never checked.
#  File has not been updated.

test:
#  Implicit rule search has not been done.
#  Modification time never checked.
#  File has not been updated.
#  commands to execute (from `makefile', line 66):
	@make win_test -j$(CORES) -f makefile_real --no-print-directory $(filter-out $(KNOWN), $@)
	

# Not a target:
makefile:
#  Implicit rule search has been done.
#  Last modified 2022-01-05 11:18:35
#  File has been updated.
#  Successfully updated.
# variable set hash-table stats:
# Load=0/32=0%, Rehash=0, Collisions=0/0=0%

build:
#  Implicit rule search has not been done.
#  Modification time never checked.
#  File has not been updated.
#  commands to execute (from `makefile', line 63):
	@make win_build -j$(CORES) -f makefile_real --no-print-directory $(filter-out $(KNOWN), $@)
	

# Not a target:
.SUFFIXES:
#  Implicit rule search has not been done.
#  Modification time never checked.
#  File has not been updated.

clean:
#  Implicit rule search has not been done.
#  Modification time never checked.
#  File has not been updated.
#  commands to execute (from `makefile', line 69):
	@make win_clean -j$(CORES) -f makefile_real --no-print-directory $(filter-out $(KNOWN), $@)
	

genmake:
#  Implicit rule search has not been done.
#  Modification time never checked.
#  File has not been updated.
#  commands to execute (from `makefile', line 72):
	@make win_genmake -j$(CORES) -f makefile_real --no-print-directory $(filter-out $(KNOWN), $@)
	

# files hash-table stats:
# Load=8/1024=1%, Rehash=0, Collisions=0/19=0%
# VPATH Search Paths

# No `vpath' search paths.

# No general (`VPATH' variable) search path.

# # of strings in strcache: 1
# # of strcache buffers: 1
# strcache size: total = 4096 / max = 4096 / min = 4096 / avg = 4096
# strcache free: total = 4087 / max = 4087 / min = 4087 / avg = 4087

# Finished Make data base on Thu Jan 06 16:55:16 2022

 
make.exe: *** No rule to make target `all'.  Stop.
 
